<?xml version="1.0" encoding="UTF-8"?>
<!-- Generated by org.testng.reporters.JUnitXMLReporter -->
<testsuite hostname="Venkat" ignored="0" name="Login and Check mail" tests="1" failures="0" timestamp="11 May 2017 04:38:32 GMT" time="0.058" errors="0">
  <testcase name="@BeforeTest beforeMethod" time="0.0" classname="GridSelenium.NewTest1">
    <failure type="org.testng.TestNGException" message="
Parameter &amp;apos;browserName&amp;apos; is required by BeforeTest on method beforeMethod but has not been marked @Optional or defined
in D:\SeleniumJava_Programs\WebDriver_Sessions_new\testng_demo.xml">
      <![CDATA[org.testng.TestNGException: 
Parameter 'browserName' is required by BeforeTest on method beforeMethod but has not been marked @Optional or defined
in D:\SeleniumJava_Programs\WebDriver_Sessions_new\testng_demo.xml
... Removed 20 stack frames]]>
    </failure>
  </testcase> <!-- @BeforeTest beforeMethod -->
  <testcase name="@AfterTest afterMethod" time="0.0" classname="GridSelenium.NewTest1">
    <skipped/>
  </testcase> <!-- @AfterTest afterMethod -->
  <testcase name="f" time="0.0" classname="GridSelenium.NewTest1">
    <skipped/>
  </testcase> <!-- f -->
</testsuite> <!-- Login and Check mail -->
